2025-10-15 10:28:24,330 - INFO - 初始化HTTP客户端
2025-10-15 10:28:24,333 - INFO - HTTP客户端初始化成功（已启用自动重定向）
2025-10-15 10:28:24,333 - INFO - 初始化OpenAI客户端
2025-10-15 10:28:24,334 - INFO - OpenAI客户端初始化成功
2025-10-15 10:28:24,334 - INFO - 发送请求到模型
2025-10-15 10:29:33,795 - INFO - 响应接收成功，耗时: 69.46秒
2025-10-15 10:29:33,795 - INFO - 开始提取响应文本
2025-10-15 10:29:33,795 - INFO - 响应是标准 OpenAI 对象，从 choices 提取文本
2025-10-15 10:29:33,795 - INFO - 提取文本成功，长度: 6448 字符
2025-10-15 10:29:33,796 - INFO - JSON数据已保存到 /workspace/dataset/car_test.json
2025-10-15 10:29:33,796 - INFO - 程序执行完成
2025-10-15 10:43:35,188 - INFO - 初始化HTTP客户端
2025-10-15 10:43:35,191 - INFO - HTTP客户端初始化成功（已启用自动重定向）
2025-10-15 10:43:35,191 - INFO - 初始化OpenAI客户端
2025-10-15 10:43:35,192 - INFO - OpenAI客户端初始化成功
2025-10-15 10:43:35,192 - INFO - 发送请求到模型
2025-10-15 10:43:35,363 - ERROR - 请求失败: Missing required arguments; Expected either ('messages' and 'model') or ('messages', 'model' and 'stream') arguments to be given
Traceback (most recent call last):
  File "/workspace/dataset/chat.py", line 69, in <module>
    response = client.chat.completions.create(
  File "/home/tang/miniconda3/envs/m3-agent/lib/python3.10/site-packages/openai/_utils/_utils.py", line 285, in wrapper
    raise TypeError(msg)
TypeError: Missing required arguments; Expected either ('messages' and 'model') or ('messages', 'model' and 'stream') arguments to be given
2025-10-15 10:43:50,379 - INFO - 初始化HTTP客户端
2025-10-15 10:43:50,383 - INFO - HTTP客户端初始化成功（已启用自动重定向）
2025-10-15 10:43:50,383 - INFO - 初始化OpenAI客户端
2025-10-15 10:43:50,383 - INFO - OpenAI客户端初始化成功
2025-10-15 10:43:50,383 - INFO - 发送请求到模型
2025-10-15 10:45:03,795 - INFO - 响应接收成功，耗时: 73.41秒
2025-10-15 10:45:03,795 - INFO - 开始提取响应文本
2025-10-15 10:45:03,795 - ERROR - 提取响应文本失败: 'Choice' object has no attribute 'text'
Traceback (most recent call last):
  File "/home/tang/miniconda3/envs/m3-agent/lib/python3.10/site-packages/pydantic/main.py", line 983, in __getattr__
    return pydantic_extra[item]
KeyError: 'text'

The above exception was the direct cause of the following exception:

Traceback (most recent call last):
  File "/workspace/dataset/chat.py", line 103, in <module>
    output_text = response.choices[0].text.strip()
  File "/home/tang/miniconda3/envs/m3-agent/lib/python3.10/site-packages/pydantic/main.py", line 985, in __getattr__
    raise AttributeError(f'{type(self).__name__!r} object has no attribute {item!r}') from exc
AttributeError: 'Choice' object has no attribute 'text'
2025-10-15 10:50:58,104 - INFO - 初始化HTTP客户端
2025-10-15 10:50:58,105 - INFO - HTTP客户端初始化成功（已启用自动重定向）
2025-10-15 10:50:58,105 - INFO - 初始化OpenAI客户端
2025-10-15 10:50:58,105 - INFO - OpenAI客户端初始化成功
2025-10-15 10:50:58,105 - INFO - 发送请求到模型
2025-10-15 10:52:25,421 - INFO - 响应接收成功，耗时: 87.32秒
2025-10-15 10:52:25,421 - INFO - 开始提取响应文本
2025-10-15 10:52:25,421 - INFO - 响应是标准 OpenAI 对象，从 choices 提取文本
2025-10-15 10:52:25,421 - INFO - 提取文本成功，长度: 7731 字符
2025-10-15 10:52:25,422 - INFO - JSON数据已保存到 /workspace/dataset/car_test.json
2025-10-15 10:52:25,423 - INFO - 程序执行完成
2025-10-15 11:03:34,950 - INFO - 初始化HTTP客户端
2025-10-15 11:03:34,951 - INFO - HTTP客户端初始化成功（已启用自动重定向）
2025-10-15 11:03:34,951 - INFO - 初始化OpenAI客户端
2025-10-15 11:03:34,951 - INFO - OpenAI客户端初始化成功
2025-10-15 11:03:34,951 - INFO - 开始生成长文本输出
2025-10-15 11:03:34,951 - INFO - 生成第 1 段内容 ...
2025-10-15 11:03:35,042 - ERROR - 第 1 段生成失败: Completions.create() got an unexpected keyword argument 'max_output_tokens'
Traceback (most recent call last):
  File "/workspace/dataset/chat.py", line 75, in generate_large_output
    response = client.chat.completions.create(
  File "/home/tang/miniconda3/envs/m3-agent/lib/python3.10/site-packages/openai/_utils/_utils.py", line 286, in wrapper
    return func(*args, **kwargs)
TypeError: Completions.create() got an unexpected keyword argument 'max_output_tokens'
2025-10-15 11:03:35,043 - INFO - 生成完成，总长度: 0 字符
2025-10-15 11:03:35,043 - ERROR - 输出内容为空，未保存。
2025-10-15 11:03:35,043 - INFO - 程序执行完成 ✅
2025-10-15 11:03:56,815 - INFO - 初始化HTTP客户端
2025-10-15 11:03:56,816 - INFO - HTTP客户端初始化成功（已启用自动重定向）
2025-10-15 11:03:56,816 - INFO - 初始化OpenAI客户端
2025-10-15 11:03:56,817 - INFO - OpenAI客户端初始化成功
2025-10-15 11:03:56,817 - INFO - 开始生成长文本输出
2025-10-15 11:03:56,817 - INFO - 生成第 1 段内容 ...
2025-10-15 11:05:55,683 - INFO - 第 1 段生成成功，长度: 15174 字符，耗时 118.87 秒
2025-10-15 11:05:56,685 - INFO - 生成第 2 段内容 ...
2025-10-15 11:07:46,926 - INFO - 第 2 段生成成功，长度: 9693 字符，耗时 110.24 秒
2025-10-15 11:07:46,926 - INFO - 检测到 [END]，停止生成
2025-10-15 11:07:46,926 - INFO - 生成完成，总长度: 24868 字符
2025-10-15 11:07:46,928 - WARNING - 输出不是有效JSON，已保存为纯文本。
2025-10-15 11:07:46,928 - INFO - 程序执行完成 ✅
